==================================================================
2024/06/13_10:49:26:683
processName:conhost
PID:  21716
PPID: 27124
csID: 1
==================================================================
==================================================================
2024/06/13_10:49:26:708
processName:cmd
PID:  27124
PPID: 26356
csID: 2
==================================================================
==================================================================
2024/06/13_10:49:26:738
processName:chcp
PID:  10928
PPID: 27124
csID: 3
==================================================================
==================================================================
2024/06/13_10:49:26:811
processName:MSBuild
PID:  24804
PPID: 27124
csID: 4
==================================================================
==================================================================
2024/06/13_10:49:27:277
processName:csc
PID:  14696
PPID: 24804
csID: 5
==================================================================
==================================================================
2024/06/13_10:49:27:384
processName:cvtres
PID:  20748
PPID: 14696
csID: 6
==================================================================
==================================================================
2024/06/13_10:49:27:470
processName:conhost
PID:  26104
PPID: 9480
csID: 7
==================================================================
==================================================================
2024/06/13_10:49:27:494
processName:Tracker
PID:  9480
PPID: 24804
csID: 8
==================================================================
==================================================================
2024/06/13_10:49:27:533
processName:CL
PID:  15356
PPID: 9480
csID: 9
==================================================================
==================================================================
2024/06/13_10:49:27:585
processName:mspdbsrv
PID:  4748
PPID: 15356
csID: 10
==================================================================
==================================================================
2024/06/13_10:49:28:89
processName:conhost
PID:  10620
PPID: 1464
csID: 11
==================================================================
==================================================================
2024/06/13_10:49:28:113
processName:Tracker
PID:  1464
PPID: 24804
csID: 12
==================================================================
==================================================================
2024/06/13_10:49:28:145
processName:link
PID:  3668
PPID: 1464
csID: 13
==================================================================
==================================================================
2024/06/13_10:49:28:227
processName:rc
PID:  26728
PPID: 3668
csID: 14
==================================================================
==================================================================
2024/06/13_10:49:28:265
processName:cvtres
PID:  25148
PPID: 3668
csID: 15
==================================================================
==================================================================
2024/06/13_10:49:28:440
processName:VCTIP
PID:  27340
PPID: 3668
csID: 16
==================================================================
==================================================================
2024/06/13_10:49:28:489
processName:chcp
PID:  27620
PPID: 27124
csID: 17
==================================================================
