==================================================================
2024/06/11_09:46:47:862
processName:conhost
PID:  27352
PPID: 10024
csID: 1
==================================================================
==================================================================
2024/06/11_09:46:47:890
processName:cmd
PID:  10024
PPID: 24432
csID: 2
==================================================================
==================================================================
2024/06/11_09:46:47:922
processName:chcp
PID:  22628
PPID: 10024
csID: 3
==================================================================
==================================================================
2024/06/11_09:46:47:998
processName:MSBuild
PID:  3136
PPID: 10024
csID: 4
==================================================================
==================================================================
2024/06/11_09:46:48:601
processName:csc
PID:  4640
PPID: 3136
csID: 5
==================================================================
==================================================================
2024/06/11_09:46:48:708
processName:cvtres
PID:  25512
PPID: 4640
csID: 6
==================================================================
==================================================================
2024/06/11_09:46:48:796
processName:conhost
PID:  11100
PPID: 26780
csID: 7
==================================================================
==================================================================
2024/06/11_09:46:48:823
processName:Tracker
PID:  26780
PPID: 3136
csID: 8
==================================================================
==================================================================
2024/06/11_09:46:48:867
processName:CL
PID:  25912
PPID: 26780
csID: 9
==================================================================
==================================================================
2024/06/11_09:46:48:920
processName:mspdbsrv
PID:  8060
PPID: 25912
csID: 10
==================================================================
==================================================================
2024/06/11_09:46:49:408
processName:conhost
PID:  27064
PPID: 26964
csID: 11
==================================================================
==================================================================
2024/06/11_09:46:49:435
processName:Tracker
PID:  26964
PPID: 3136
csID: 12
==================================================================
==================================================================
2024/06/11_09:46:49:470
processName:link
PID:  1444
PPID: 26964
csID: 13
==================================================================
==================================================================
2024/06/11_09:46:49:551
processName:rc
PID:  8516
PPID: 1444
csID: 14
==================================================================
==================================================================
2024/06/11_09:46:49:593
processName:cvtres
PID:  27360
PPID: 1444
csID: 15
==================================================================
==================================================================
2024/06/11_09:46:49:775
processName:VCTIP
PID:  2784
PPID: 1444
csID: 16
==================================================================
==================================================================
2024/06/11_09:46:49:839
processName:chcp
PID:  27596
PPID: 10024
csID: 17
==================================================================
