==================================================================
2024/06/10_19:03:27:776
processName:conhost
PID:  10004
PPID: 38688
csID: 2
==================================================================
==================================================================
2024/06/10_19:03:27:801
processName:cmd
PID:  38688
PPID: 37932
csID: 3
==================================================================
==================================================================
2024/06/10_19:03:27:833
processName:chcp
PID:  30288
PPID: 38688
csID: 4
==================================================================
==================================================================
2024/06/10_19:03:27:915
processName:MSBuild
PID:  684
PPID: 38688
csID: 5
==================================================================
==================================================================
2024/06/10_19:03:28:263
processName:csc
PID:  3876
PPID: 684
csID: 6
==================================================================
==================================================================
2024/06/10_19:03:28:332
processName:cvtres
PID:  19232
PPID: 3876
csID: 7
==================================================================
==================================================================
2024/06/10_19:03:28:425
processName:conhost
PID:  30212
PPID: 19224
csID: 8
==================================================================
==================================================================
2024/06/10_19:03:28:449
processName:Tracker
PID:  19224
PPID: 684
csID: 9
==================================================================
==================================================================
2024/06/10_19:03:28:485
processName:CL
PID:  32892
PPID: 19224
csID: 10
==================================================================
==================================================================
2024/06/10_19:03:28:536
processName:mspdbsrv
PID:  39752
PPID: 32892
csID: 11
==================================================================
==================================================================
2024/06/10_19:03:29:10
processName:conhost
PID:  32132
PPID: 21412
csID: 12
==================================================================
==================================================================
2024/06/10_19:03:29:36
processName:Tracker
PID:  21412
PPID: 684
csID: 13
==================================================================
==================================================================
2024/06/10_19:03:29:70
processName:link
PID:  27720
PPID: 21412
csID: 14
==================================================================
==================================================================
2024/06/10_19:03:29:128
processName:rc
PID:  14636
PPID: 27720
csID: 15
==================================================================
==================================================================
2024/06/10_19:03:29:167
processName:cvtres
PID:  28780
PPID: 27720
csID: 16
==================================================================
==================================================================
2024/06/10_19:03:29:380
processName:chcp
PID:  36488
PPID: 38688
csID: 17
==================================================================
