d:\vpes_git\git\새 폴더\miro_vs2015\.staticdata\wtrace.csid.log
d:\vpes_git\git\새 폴더\miro_vs2015\.staticdata\wtrace.log
d:\vpes_git\git\새 폴더\miro_vs2015\.staticdata\wtrace.cl.9
d:\vpes_git\git\새 폴더\miro_vs2015\x64\debug\vc140.pdb
d:\vpes_git\git\새 폴더\miro_vs2015\x64\debug\vc140.idb
d:\vpes_git\git\새 폴더\miro_vs2015\x64\debug\miro_fun.obj
d:\vpes_git\git\새 폴더\miro_vs2015\x64\debug\miro_fun2.obj
d:\vpes_git\git\새 폴더\miro_vs2015\x64\debug\qs_fun.obj
d:\vpes_git\git\새 폴더\miro_vs2015\x64\debug\q_s.obj
d:\vpes_git\git\새 폴더\miro_vs2015\.staticdata\wtrace.error.log
c:\users\nryun\appdata\local\microsoft\applicationinsights\vstelaif-312cbd79-9dbb-4c48-a7da-3cc2a931cb70\20240611011819_f9d1e9cc9dec45bd972f9b9b98338fca.trn
c:\users\nryun\appdata\local\microsoft\applicationinsights\vstelaif-312cbd79-9dbb-4c48-a7da-3cc2a931cb70\20240611010220_3da3174f20c34c5d989ccc1b0c4e92ae.trn
c:\users\nryun\appdata\local\microsoft\applicationinsights\vstelaif-312cbd79-9dbb-4c48-a7da-3cc2a931cb70\20240611010651_22fc2af73f1f495099d35920eba9601f.trn
c:\users\nryun\appdata\local\microsoft\applicationinsights\vstelaif-312cbd79-9dbb-4c48-a7da-3cc2a931cb70\20240611011151_97645a4e485c4e5ebd32c39feefb980a.trn
c:\users\nryun\appdata\local\microsoft\applicationinsights\vstelaif-312cbd79-9dbb-4c48-a7da-3cc2a931cb70\20240611011651_0af124cdd1a145b9a48a8b405b0600c7.trn
d:\vpes_git\git\새 폴더\miro_vs2015\.staticdata\wtrace.link.13
d:\vpes_git\git\새 폴더\miro_vs2015\x64\debug\vs2015_miro.ilk
d:\vpes_git\git\새 폴더\miro_vs2015\x64\debug\vs2015_miro.exe
d:\vpes_git\git\새 폴더\miro_vs2015\x64\debug\vs2015_miro.pdb
d:\vpes_git\git\새 폴더\miro_vs2015\x64\debug\vs2015_miro.tlog\cl.command.1.tlog
d:\vpes_git\git\새 폴더\miro_vs2015\x64\debug\vs2015_miro.tlog\cl.read.1.tlog
d:\vpes_git\git\새 폴더\miro_vs2015\x64\debug\vs2015_miro.tlog\cl.write.1.tlog
d:\vpes_git\git\새 폴더\miro_vs2015\x64\debug\vs2015_miro.tlog\link-vctip.delete.1.tlog
d:\vpes_git\git\새 폴더\miro_vs2015\x64\debug\vs2015_miro.tlog\link-vctip.delete.36.tlog
d:\vpes_git\git\새 폴더\miro_vs2015\x64\debug\vs2015_miro.tlog\link-vctip.delete.65.tlog
d:\vpes_git\git\새 폴더\miro_vs2015\x64\debug\vs2015_miro.tlog\link-vctip.delete.74.tlog
d:\vpes_git\git\새 폴더\miro_vs2015\x64\debug\vs2015_miro.tlog\link-vctip.delete.92.tlog
d:\vpes_git\git\새 폴더\miro_vs2015\x64\debug\vs2015_miro.tlog\link-vctip.read.1.tlog
d:\vpes_git\git\새 폴더\miro_vs2015\x64\debug\vs2015_miro.tlog\link-vctip.read.12.tlog
d:\vpes_git\git\새 폴더\miro_vs2015\x64\debug\vs2015_miro.tlog\link-vctip.read.14.tlog
d:\vpes_git\git\새 폴더\miro_vs2015\x64\debug\vs2015_miro.tlog\link-vctip.read.18.tlog
d:\vpes_git\git\새 폴더\miro_vs2015\x64\debug\vs2015_miro.tlog\link-vctip.read.23.tlog
d:\vpes_git\git\새 폴더\miro_vs2015\x64\debug\vs2015_miro.tlog\link-vctip.read.27.tlog
d:\vpes_git\git\새 폴더\miro_vs2015\x64\debug\vs2015_miro.tlog\link-vctip.read.28.tlog
d:\vpes_git\git\새 폴더\miro_vs2015\x64\debug\vs2015_miro.tlog\link-vctip.read.29.tlog
d:\vpes_git\git\새 폴더\miro_vs2015\x64\debug\vs2015_miro.tlog\link-vctip.read.30.tlog
d:\vpes_git\git\새 폴더\miro_vs2015\x64\debug\vs2015_miro.tlog\link-vctip.read.36.tlog
d:\vpes_git\git\새 폴더\miro_vs2015\x64\debug\vs2015_miro.tlog\link-vctip.read.4.tlog
d:\vpes_git\git\새 폴더\miro_vs2015\x64\debug\vs2015_miro.tlog\link-vctip.read.65.tlog
d:\vpes_git\git\새 폴더\miro_vs2015\x64\debug\vs2015_miro.tlog\link-vctip.read.74.tlog
d:\vpes_git\git\새 폴더\miro_vs2015\x64\debug\vs2015_miro.tlog\link-vctip.read.92.tlog
d:\vpes_git\git\새 폴더\miro_vs2015\x64\debug\vs2015_miro.tlog\link-vctip.write.1.tlog
d:\vpes_git\git\새 폴더\miro_vs2015\x64\debug\vs2015_miro.tlog\link-vctip.write.27.tlog
d:\vpes_git\git\새 폴더\miro_vs2015\x64\debug\vs2015_miro.tlog\link-vctip.write.36.tlog
d:\vpes_git\git\새 폴더\miro_vs2015\x64\debug\vs2015_miro.tlog\link-vctip.write.4.tlog
d:\vpes_git\git\새 폴더\miro_vs2015\x64\debug\vs2015_miro.tlog\link-vctip.write.65.tlog
d:\vpes_git\git\새 폴더\miro_vs2015\x64\debug\vs2015_miro.tlog\link-vctip.write.74.tlog
d:\vpes_git\git\새 폴더\miro_vs2015\x64\debug\vs2015_miro.tlog\link-vctip.write.92.tlog
d:\vpes_git\git\새 폴더\miro_vs2015\x64\debug\vs2015_miro.tlog\link.command.1.tlog
d:\vpes_git\git\새 폴더\miro_vs2015\x64\debug\vs2015_miro.tlog\link.read.1.tlog
d:\vpes_git\git\새 폴더\miro_vs2015\x64\debug\vs2015_miro.tlog\link.write.1.tlog
